<?xml version="1.0" encoding="UTF-8"?>
<testsuite xmlns:xsi="http://www.w3.org/2001/XMLSchema-instance" xsi:noNamespaceSchemaLocation="https://maven.apache.org/surefire/maven-surefire-plugin/xsd/surefire-test-report-3.0.xsd" version="3.0" name="com.msohailse.analyzer.service.DuplicateDetectorTest" time="2.723" tests="1" errors="0" skipped="0" failures="0">
  <properties>
[...]
</properties>
  <testcase name="testDuplicateDetection" classname="com.msohailse.analyzer.service.DuplicateDetectorTest" time="0.117">
    <system-out><![CDATA[2026-07-13 04:17:24,752 INFO  [org.testcontainers.DockerClientFactory] (build-16) Testcontainers version: 2.0.5
2026-07-13 04:17:24,890 INFO  [org.testcontainers.dockerclient.DockerClientProviderStrategy] (build-16) Loaded org.testcontainers.dockerclient.UnixSocketClientProviderStrategy from ~/.testcontainers.properties, will try it first
2026-07-13 04:17:25,208 INFO  [org.testcontainers.dockerclient.DockerClientProviderStrategy] (build-16) Found Docker environment with local Unix socket (unix:///var/run/docker.sock)
2026-07-13 04:17:25,209 INFO  [org.testcontainers.DockerClientFactory] (build-16) Docker host IP address is localhost
2026-07-13 04:17:25,229 INFO  [org.testcontainers.DockerClientFactory] (build-16) Connected to docker: 
  Server Version: 29.6.1
  API Version: 1.55
  Operating System: Docker Desktop
  Total Memory: 11947 MB
  Labels: 
    com.docker.desktop.address=unix:///Users/msohailse/Library/Containers/com.docker.docker/Data/docker-cli.sock
2026-07-13 04:17:25,234 INFO  [org.testcontainers.images.PullPolicy] (build-16) Image pull policy will be performed by: DefaultPullPolicy()
2026-07-13 04:17:25,234 INFO  [org.testcontainers.utility.ImageNameSubstitutor] (build-16) Image name substitution will be performed by: DefaultImageNameSubstitutor (composite of 'ConfigurationFileImageNameSubstitutor' and 'PrefixingImageNameSubstitutor')
2026-07-13 04:17:25,237 INFO  [org.testcontainers.DockerClientFactory] (build-16) Checking the system...
2026-07-13 04:17:25,238 INFO  [org.testcontainers.DockerClientFactory] (build-16) ✔︎ Docker server version should be at least 1.6.0
2026-07-13 04:17:25,479 INFO  [tc.docker.io/library/postgres:18] (ForkJoinPool.commonPool-worker-2) Creating container for image: docker.io/library/postgres:18
2026-07-13 04:17:25,479 INFO  [tc.docker.io/apache/kafka-native:4.2.0] (ForkJoinPool.commonPool-worker-1) Creating container for image: docker.io/apache/kafka-native:4.2.0
2026-07-13 04:17:25,587 INFO  [org.testcontainers.utility.RegistryAuthLocator] (ForkJoinPool.commonPool-worker-2) Credential helper/store (docker-credential-desktop) does not have credentials for docker.io
2026-07-13 04:17:25,590 WARN  [tc.docker.io/library/postgres:18] (ForkJoinPool.commonPool-worker-2) Reuse was requested but the environment does not support the reuse of containers
To enable reuse of containers, you must set 'testcontainers.reuse.enable=true' in a file located at /Users/msohailse/.testcontainers.properties
2026-07-13 04:17:25,590 INFO  [tc.testcontainers/ryuk:0.14.0] (ForkJoinPool.commonPool-worker-1) Creating container for image: testcontainers/ryuk:0.14.0
2026-07-13 04:17:25,708 INFO  [tc.testcontainers/ryuk:0.14.0] (ForkJoinPool.commonPool-worker-1) Container testcontainers/ryuk:0.14.0 is starting: bc19bec9e973b1208c11b10a6e4f364ec63a3f4088323e79c6dfb15ecfa8ca86
2026-07-13 04:17:25,959 INFO  [tc.testcontainers/ryuk:0.14.0] (ForkJoinPool.commonPool-worker-1) Container testcontainers/ryuk:0.14.0 started in PT0.368457S
2026-07-13 04:17:26,000 INFO  [tc.docker.io/library/postgres:18] (ForkJoinPool.commonPool-worker-2) Container docker.io/library/postgres:18 is starting: 2d767a1ae37ab2c88c4e06b1e40f26d36cb69faa6e5494cce61bd0f0d49ce6a8
2026-07-13 04:17:26,001 INFO  [tc.docker.io/apache/kafka-native:4.2.0] (ForkJoinPool.commonPool-worker-1) Container docker.io/apache/kafka-native:4.2.0 is starting: c7f385375e6795f97441b8a2b307730d13e7b710b2bcec959fe98482ca573acd
2026-07-13 04:17:26,618 INFO  [tc.docker.io/apache/kafka-native:4.2.0] (ForkJoinPool.commonPool-worker-1) Container docker.io/apache/kafka-native:4.2.0 started in PT1.139143S
2026-07-13 04:17:26,619 INFO  [io.quarkus.kafka.client.deployment.DevServicesKafkaProcessor] (ForkJoinPool.commonPool-worker-1) Dev Services for Kafka started. Other Quarkus applications in dev mode will find the broker automatically. For Quarkus applications in production mode, you can connect to this by starting your application with -Dkafka.bootstrap.servers=localhost:50612
2026-07-13 04:17:27,060 INFO  [tc.docker.io/library/postgres:18] (ForkJoinPool.commonPool-worker-2) Container docker.io/library/postgres:18 started in PT1.581206S
2026-07-13 04:17:27,060 INFO  [tc.docker.io/library/postgres:18] (ForkJoinPool.commonPool-worker-2) Container is started (JDBC URL: jdbc:postgresql://localhost:50613/quarkus?loggerLevel=OFF)
2026-07-13 04:17:27,061 INFO  [io.quarkus.datasource.deployment.devservices.DevServicesDatasourceProcessor] (ForkJoinPool.commonPool-worker-2) Dev Services for default datasource (postgresql) started - container ID is 2d767a1ae37a
2026-07-13 04:17:27,153 INFO  [org.hibernate.orm.jpa] (main) HHH008540: Processing PersistenceUnitInfo [name: <default>]
2026-07-13 04:17:27,223 INFO  [org.hibernate.orm.core] (main) HHH000001: Hibernate ORM core version 7.4.3.Final
2026-07-13 04:17:27,313 INFO  [org.hibernate.orm.connections.pooling] (main) HHH10001005: Database info:
	Database JDBC URL [undefined/unknown]
	Database driver: undefined/unknown
	Database dialect: PostgreSQLDialect
	Database version: 14.0
	Default catalog/schema: unknown/unknown
	Autocommit mode: undefined/unknown
	Isolation level: <unknown>
	JDBC fetch size: undefined/unknown
	Pool: undefined/unknown
	Minimum pool size: undefined/unknown
	Maximum pool size: undefined/unknown
2026-07-13 04:17:27,414 WARN  [io.quarkus.config] (main) The "quarkus.hibernate-orm.database.generation" config property is deprecated and should not be used anymore.
2026-07-13 04:17:27,774 INFO  [io.smallrye.reactive.messaging.kafka] (main) SRMSG18229: Configured topics for channel 'incident-created': [incident-created]
2026-07-13 04:17:27,780 INFO  [io.smallrye.reactive.messaging.kafka] (main) SRMSG18214: Key deserializer omitted, using String as default
2026-07-13 04:17:27,936 INFO  [io.smallrye.reactive.messaging.kafka] (smallrye-kafka-consumer-thread-0) SRMSG18257: Kafka consumer kafka-consumer-incident-created, connected to Kafka brokers 'localhost:50612', belongs to the 'analyzer_microservice' consumer group and is configured to poll records from [incident-created]
2026-07-13 04:17:28,008 INFO  [io.quarkus] (main) analyzer_microservice 0.0.1-SNAPSHOT on JVM (powered by Quarkus 3.37.1) started in 4.099s. 
2026-07-13 04:17:28,008 INFO  [io.quarkus] (main) Profile test activated. 
2026-07-13 04:17:28,008 INFO  [io.quarkus] (main) Installed features: [agroal, cdi, compose, hibernate-orm, jdbc-postgresql, kafka-client, messaging, messaging-kafka, narayana-jta, smallrye-context-propagation, vertx]
2026-07-13 04:17:28,048 WARN  [org.apache.kafka.clients.NetworkClient] (smallrye-kafka-consumer-thread-0) [Consumer clientId=kafka-consumer-incident-created, groupId=analyzer_microservice] The metadata response from the cluster reported a recoverable issue with correlation id 2 : {incident-created=UNKNOWN_TOPIC_OR_PARTITION}
2026-07-13 04:17:28,096 INFO  [com.msohailse.analyzer.service.DuplicateDetector] (main) Incident 2: flagged as likely duplicate of #1 ("The database server is completely down")
]]></system-out>
  </testcase>
</testsuite>